{"/Users/kingstonfung/Desktop/JS Training/20180602 - First Class (No jQuery)/training1_es6/src/adjustAppBackgroundColor.js": {"path":"/Users/kingstonfung/Desktop/JS Training/20180602 - First Class (No jQuery)/training1_es6/src/adjustAppBackgroundColor.js","statementMap":{"0":{"start":{"line":2,"column":18},"end":{"line":2,"column":20}},"1":{"start":{"line":3,"column":2},"end":{"line":9,"column":3}},"2":{"start":{"line":4,"column":4},"end":{"line":4,"column":23}},"3":{"start":{"line":5,"column":9},"end":{"line":9,"column":3}},"4":{"start":{"line":6,"column":4},"end":{"line":6,"column":23}},"5":{"start":{"line":7,"column":9},"end":{"line":9,"column":3}},"6":{"start":{"line":8,"column":4},"end":{"line":8,"column":22}},"7":{"start":{"line":11,"column":2},"end":{"line":11,"column":61}}},"fnMap":{"0":{"name":"(anonymous_0)","decl":{"start":{"line":1,"column":15},"end":{"line":1,"column":16}},"loc":{"start":{"line":1,"column":48},"end":{"line":12,"column":1}},"line":1}},"branchMap":{"0":{"loc":{"start":{"line":1,"column":29},"end":{"line":1,"column":43}},"type":"default-arg","locations":[{"start":{"line":1,"column":35},"end":{"line":1,"column":43}}],"line":1},"1":{"loc":{"start":{"line":3,"column":2},"end":{"line":9,"column":3}},"type":"if","locations":[{"start":{"line":3,"column":2},"end":{"line":9,"column":3}},{"start":{"line":3,"column":2},"end":{"line":9,"column":3}}],"line":3},"2":{"loc":{"start":{"line":5,"column":9},"end":{"line":9,"column":3}},"type":"if","locations":[{"start":{"line":5,"column":9},"end":{"line":9,"column":3}},{"start":{"line":5,"column":9},"end":{"line":9,"column":3}}],"line":5},"3":{"loc":{"start":{"line":5,"column":13},"end":{"line":5,"column":49}},"type":"binary-expr","locations":[{"start":{"line":5,"column":13},"end":{"line":5,"column":29}},{"start":{"line":5,"column":33},"end":{"line":5,"column":49}}],"line":5},"4":{"loc":{"start":{"line":7,"column":9},"end":{"line":9,"column":3}},"type":"if","locations":[{"start":{"line":7,"column":9},"end":{"line":9,"column":3}},{"start":{"line":7,"column":9},"end":{"line":9,"column":3}}],"line":7}},"s":{"0":0,"1":0,"2":0,"3":0,"4":0,"5":0,"6":0,"7":0},"f":{"0":0},"b":{"0":[0],"1":[0,0],"2":[0,0],"3":[0,0],"4":[0,0]},"_coverageSchema":"332fd63041d2c1bcb487cc26dd0d5f7d97098a6c","hash":"0fdfdc194241247a41ff05c6402d790b8f1f5fa3"}
,"/Users/kingstonfung/Desktop/JS Training/20180602 - First Class (No jQuery)/training1_es6/src/dateModels.js": {"path":"/Users/kingstonfung/Desktop/JS Training/20180602 - First Class (No jQuery)/training1_es6/src/dateModels.js","statementMap":{"0":{"start":{"line":1,"column":28},"end":{"line":13,"column":1}},"1":{"start":{"line":2,"column":23},"end":{"line":10,"column":3}},"2":{"start":{"line":12,"column":2},"end":{"line":12,"column":27}},"3":{"start":{"line":15,"column":33},"end":{"line":27,"column":1}},"4":{"start":{"line":16,"column":34},"end":{"line":24,"column":3}},"5":{"start":{"line":26,"column":2},"end":{"line":26,"column":38}},"6":{"start":{"line":29,"column":28},"end":{"line":46,"column":1}},"7":{"start":{"line":30,"column":25},"end":{"line":43,"column":3}},"8":{"start":{"line":45,"column":2},"end":{"line":45,"column":31}}},"fnMap":{"0":{"name":"(anonymous_0)","decl":{"start":{"line":1,"column":28},"end":{"line":1,"column":29}},"loc":{"start":{"line":1,"column":37},"end":{"line":13,"column":1}},"line":1},"1":{"name":"(anonymous_1)","decl":{"start":{"line":15,"column":33},"end":{"line":15,"column":34}},"loc":{"start":{"line":15,"column":42},"end":{"line":27,"column":1}},"line":15},"2":{"name":"(anonymous_2)","decl":{"start":{"line":29,"column":28},"end":{"line":29,"column":29}},"loc":{"start":{"line":29,"column":39},"end":{"line":46,"column":1}},"line":29}},"branchMap":{},"s":{"0":1,"1":0,"2":0,"3":1,"4":0,"5":0,"6":1,"7":0,"8":0},"f":{"0":0,"1":0,"2":0},"b":{},"_coverageSchema":"332fd63041d2c1bcb487cc26dd0d5f7d97098a6c","hash":"1c4c2ffef2590c5066b5ef99bdb6eeed12ca12ec"}
,"/Users/kingstonfung/Desktop/JS Training/20180602 - First Class (No jQuery)/training1_es6/src/displayErrorMessage.js": {"path":"/Users/kingstonfung/Desktop/JS Training/20180602 - First Class (No jQuery)/training1_es6/src/displayErrorMessage.js","statementMap":{"0":{"start":{"line":2,"column":21},"end":{"line":2,"column":61}},"1":{"start":{"line":3,"column":2},"end":{"line":3,"column":33}}},"fnMap":{"0":{"name":"(anonymous_0)","decl":{"start":{"line":1,"column":15},"end":{"line":1,"column":16}},"loc":{"start":{"line":1,"column":44},"end":{"line":4,"column":1}},"line":1}},"branchMap":{"0":{"loc":{"start":{"line":1,"column":25},"end":{"line":1,"column":39}},"type":"default-arg","locations":[{"start":{"line":1,"column":31},"end":{"line":1,"column":39}}],"line":1}},"s":{"0":0,"1":0},"f":{"0":0},"b":{"0":[0]},"_coverageSchema":"332fd63041d2c1bcb487cc26dd0d5f7d97098a6c","hash":"cd0d54142ceb48d2d23bea5b7619d0cd6f7c263a"}
,"/Users/kingstonfung/Desktop/JS Training/20180602 - First Class (No jQuery)/training1_es6/src/geoDetect.js": {"path":"/Users/kingstonfung/Desktop/JS Training/20180602 - First Class (No jQuery)/training1_es6/src/geoDetect.js","statementMap":{"0":{"start":{"line":4,"column":31},"end":{"line":7,"column":3}},"1":{"start":{"line":9,"column":18},"end":{"line":13,"column":3}},"2":{"start":{"line":15,"column":32},"end":{"line":24,"column":3}},"3":{"start":{"line":16,"column":14},"end":{"line":16,"column":29}},"4":{"start":{"line":18,"column":4},"end":{"line":18,"column":45}},"5":{"start":{"line":19,"column":4},"end":{"line":19,"column":46}},"6":{"start":{"line":20,"column":4},"end":{"line":20,"column":47}},"7":{"start":{"line":21,"column":4},"end":{"line":21,"column":56}},"8":{"start":{"line":23,"column":4},"end":{"line":23,"column":57}},"9":{"start":{"line":26,"column":28},"end":{"line":29,"column":3}},"10":{"start":{"line":27,"column":4},"end":{"line":27,"column":59}},"11":{"start":{"line":28,"column":4},"end":{"line":28,"column":35}},"12":{"start":{"line":32,"column":2},"end":{"line":32,"column":33}}},"fnMap":{"0":{"name":"(anonymous_0)","decl":{"start":{"line":3,"column":15},"end":{"line":3,"column":16}},"loc":{"start":{"line":3,"column":27},"end":{"line":33,"column":1}},"line":3},"1":{"name":"(anonymous_1)","decl":{"start":{"line":15,"column":32},"end":{"line":15,"column":33}},"loc":{"start":{"line":15,"column":52},"end":{"line":24,"column":3}},"line":15},"2":{"name":"(anonymous_2)","decl":{"start":{"line":26,"column":28},"end":{"line":26,"column":29}},"loc":{"start":{"line":26,"column":45},"end":{"line":29,"column":3}},"line":26}},"branchMap":{},"s":{"0":0,"1":0,"2":0,"3":0,"4":0,"5":0,"6":0,"7":0,"8":0,"9":0,"10":0,"11":0,"12":0},"f":{"0":0,"1":0,"2":0},"b":{},"_coverageSchema":"332fd63041d2c1bcb487cc26dd0d5f7d97098a6c","hash":"35031a56c3de1165109db8ca308814133b6d4e6b"}
,"/Users/kingstonfung/Desktop/JS Training/20180602 - First Class (No jQuery)/training1_es6/src/getWeatherData.js": {"path":"/Users/kingstonfung/Desktop/JS Training/20180602 - First Class (No jQuery)/training1_es6/src/getWeatherData.js","statementMap":{"0":{"start":{"line":4,"column":24},"end":{"line":4,"column":29}},"1":{"start":{"line":5,"column":18},"end":{"line":5,"column":52}},"2":{"start":{"line":7,"column":19},"end":{"line":7,"column":101}},"3":{"start":{"line":8,"column":2},"end":{"line":12,"column":3}},"4":{"start":{"line":9,"column":4},"end":{"line":9,"column":67}},"5":{"start":{"line":11,"column":4},"end":{"line":11,"column":37}},"6":{"start":{"line":14,"column":32},"end":{"line":28,"column":3}},"7":{"start":{"line":15,"column":27},"end":{"line":15,"column":47}},"8":{"start":{"line":17,"column":4},"end":{"line":24,"column":6}},"9":{"start":{"line":18,"column":6},"end":{"line":23,"column":7}},"10":{"start":{"line":19,"column":8},"end":{"line":19,"column":60}},"11":{"start":{"line":20,"column":13},"end":{"line":23,"column":7}},"12":{"start":{"line":21,"column":8},"end":{"line":21,"column":78}},"13":{"start":{"line":22,"column":8},"end":{"line":22,"column":85}},"14":{"start":{"line":26,"column":4},"end":{"line":26,"column":51}},"15":{"start":{"line":27,"column":4},"end":{"line":27,"column":26}},"16":{"start":{"line":30,"column":33},"end":{"line":43,"column":3}},"17":{"start":{"line":31,"column":27},"end":{"line":31,"column":47}},"18":{"start":{"line":33,"column":4},"end":{"line":39,"column":6}},"19":{"start":{"line":34,"column":6},"end":{"line":38,"column":7}},"20":{"start":{"line":35,"column":8},"end":{"line":35,"column":54}},"21":{"start":{"line":36,"column":13},"end":{"line":38,"column":7}},"22":{"start":{"line":37,"column":8},"end":{"line":37,"column":86}},"23":{"start":{"line":41,"column":4},"end":{"line":41,"column":98}},"24":{"start":{"line":42,"column":4},"end":{"line":42,"column":26}},"25":{"start":{"line":45,"column":2},"end":{"line":45,"column":27}},"26":{"start":{"line":46,"column":2},"end":{"line":46,"column":26}}},"fnMap":{"0":{"name":"(anonymous_0)","decl":{"start":{"line":3,"column":15},"end":{"line":3,"column":16}},"loc":{"start":{"line":3,"column":74},"end":{"line":47,"column":1}},"line":3},"1":{"name":"(anonymous_1)","decl":{"start":{"line":14,"column":32},"end":{"line":14,"column":33}},"loc":{"start":{"line":14,"column":38},"end":{"line":28,"column":3}},"line":14},"2":{"name":"(anonymous_2)","decl":{"start":{"line":17,"column":40},"end":{"line":17,"column":41}},"loc":{"start":{"line":17,"column":46},"end":{"line":24,"column":5}},"line":17},"3":{"name":"(anonymous_3)","decl":{"start":{"line":30,"column":33},"end":{"line":30,"column":34}},"loc":{"start":{"line":30,"column":39},"end":{"line":43,"column":3}},"line":30},"4":{"name":"(anonymous_4)","decl":{"start":{"line":33,"column":40},"end":{"line":33,"column":41}},"loc":{"start":{"line":33,"column":46},"end":{"line":39,"column":5}},"line":33}},"branchMap":{"0":{"loc":{"start":{"line":8,"column":2},"end":{"line":12,"column":3}},"type":"if","locations":[{"start":{"line":8,"column":2},"end":{"line":12,"column":3}},{"start":{"line":8,"column":2},"end":{"line":12,"column":3}}],"line":8},"1":{"loc":{"start":{"line":18,"column":6},"end":{"line":23,"column":7}},"type":"if","locations":[{"start":{"line":18,"column":6},"end":{"line":23,"column":7}},{"start":{"line":18,"column":6},"end":{"line":23,"column":7}}],"line":18},"2":{"loc":{"start":{"line":18,"column":10},"end":{"line":18,"column":74}},"type":"binary-expr","locations":[{"start":{"line":18,"column":10},"end":{"line":18,"column":41}},{"start":{"line":18,"column":45},"end":{"line":18,"column":74}}],"line":18},"3":{"loc":{"start":{"line":20,"column":13},"end":{"line":23,"column":7}},"type":"if","locations":[{"start":{"line":20,"column":13},"end":{"line":23,"column":7}},{"start":{"line":20,"column":13},"end":{"line":23,"column":7}}],"line":20},"4":{"loc":{"start":{"line":34,"column":6},"end":{"line":38,"column":7}},"type":"if","locations":[{"start":{"line":34,"column":6},"end":{"line":38,"column":7}},{"start":{"line":34,"column":6},"end":{"line":38,"column":7}}],"line":34},"5":{"loc":{"start":{"line":34,"column":10},"end":{"line":34,"column":74}},"type":"binary-expr","locations":[{"start":{"line":34,"column":10},"end":{"line":34,"column":41}},{"start":{"line":34,"column":45},"end":{"line":34,"column":74}}],"line":34},"6":{"loc":{"start":{"line":36,"column":13},"end":{"line":38,"column":7}},"type":"if","locations":[{"start":{"line":36,"column":13},"end":{"line":38,"column":7}},{"start":{"line":36,"column":13},"end":{"line":38,"column":7}}],"line":36}},"s":{"0":0,"1":0,"2":0,"3":0,"4":0,"5":0,"6":0,"7":0,"8":0,"9":0,"10":0,"11":0,"12":0,"13":0,"14":0,"15":0,"16":0,"17":0,"18":0,"19":0,"20":0,"21":0,"22":0,"23":0,"24":0,"25":0,"26":0},"f":{"0":0,"1":0,"2":0,"3":0,"4":0},"b":{"0":[0,0],"1":[0,0],"2":[0,0],"3":[0,0],"4":[0,0],"5":[0,0],"6":[0,0]},"_coverageSchema":"332fd63041d2c1bcb487cc26dd0d5f7d97098a6c","hash":"e844563842f2133d4fff77afe201df704ed2996d"}
,"/Users/kingstonfung/Desktop/JS Training/20180602 - First Class (No jQuery)/training1_es6/src/index.js": {"path":"/Users/kingstonfung/Desktop/JS Training/20180602 - First Class (No jQuery)/training1_es6/src/index.js","statementMap":{"0":{"start":{"line":4,"column":0},"end":{"line":4,"column":21}}},"fnMap":{},"branchMap":{},"s":{"0":1},"f":{},"b":{},"_coverageSchema":"332fd63041d2c1bcb487cc26dd0d5f7d97098a6c","hash":"3a783882ead32054cf679ba7a2414a9486797ff9"}
,"/Users/kingstonfung/Desktop/JS Training/20180602 - First Class (No jQuery)/training1_es6/src/renderCurrentInformation.js": {"path":"/Users/kingstonfung/Desktop/JS Training/20180602 - First Class (No jQuery)/training1_es6/src/renderCurrentInformation.js","statementMap":{"0":{"start":{"line":6,"column":22},"end":{"line":6,"column":48}},"1":{"start":{"line":7,"column":2},"end":{"line":7,"column":58}},"2":{"start":{"line":9,"column":33},"end":{"line":9,"column":78}},"3":{"start":{"line":10,"column":2},"end":{"line":10,"column":54}},"4":{"start":{"line":12,"column":37},"end":{"line":12,"column":71}},"5":{"start":{"line":13,"column":2},"end":{"line":13,"column":66}},"6":{"start":{"line":15,"column":29},"end":{"line":15,"column":63}},"7":{"start":{"line":16,"column":14},"end":{"line":16,"column":24}},"8":{"start":{"line":17,"column":20},"end":{"line":17,"column":46}},"9":{"start":{"line":18,"column":20},"end":{"line":18,"column":48}},"10":{"start":{"line":19,"column":2},"end":{"line":19,"column":101}},"11":{"start":{"line":21,"column":34},"end":{"line":21,"column":73}},"12":{"start":{"line":22,"column":2},"end":{"line":22,"column":53}},"13":{"start":{"line":24,"column":27},"end":{"line":24,"column":60}},"14":{"start":{"line":25,"column":2},"end":{"line":25,"column":41}},"15":{"start":{"line":27,"column":26},"end":{"line":27,"column":63}},"16":{"start":{"line":28,"column":2},"end":{"line":28,"column":44}},"17":{"start":{"line":30,"column":2},"end":{"line":30,"column":45}},"18":{"start":{"line":31,"column":2},"end":{"line":31,"column":31}}},"fnMap":{"0":{"name":"(anonymous_0)","decl":{"start":{"line":5,"column":15},"end":{"line":5,"column":16}},"loc":{"start":{"line":5,"column":41},"end":{"line":32,"column":1}},"line":5}},"branchMap":{"0":{"loc":{"start":{"line":5,"column":22},"end":{"line":5,"column":36}},"type":"default-arg","locations":[{"start":{"line":5,"column":28},"end":{"line":5,"column":36}}],"line":5}},"s":{"0":0,"1":0,"2":0,"3":0,"4":0,"5":0,"6":0,"7":0,"8":0,"9":0,"10":0,"11":0,"12":0,"13":0,"14":0,"15":0,"16":0,"17":0,"18":0},"f":{"0":0},"b":{"0":[0]},"_coverageSchema":"332fd63041d2c1bcb487cc26dd0d5f7d97098a6c","hash":"291851b49d18e360905a0c7e263acd469d049665"}
,"/Users/kingstonfung/Desktop/JS Training/20180602 - First Class (No jQuery)/training1_es6/src/renderForecastInformation.js": {"path":"/Users/kingstonfung/Desktop/JS Training/20180602 - First Class (No jQuery)/training1_es6/src/renderForecastInformation.js","statementMap":{"0":{"start":{"line":4,"column":13},"end":{"line":4,"column":15}},"1":{"start":{"line":5,"column":21},"end":{"line":5,"column":44}},"2":{"start":{"line":7,"column":2},"end":{"line":17,"column":5}},"3":{"start":{"line":8,"column":4},"end":{"line":8,"column":43}},"4":{"start":{"line":8,"column":26},"end":{"line":8,"column":43}},"5":{"start":{"line":9,"column":4},"end":{"line":16,"column":6}},"6":{"start":{"line":19,"column":2},"end":{"line":19,"column":50}}},"fnMap":{"0":{"name":"(anonymous_0)","decl":{"start":{"line":3,"column":15},"end":{"line":3,"column":16}},"loc":{"start":{"line":3,"column":41},"end":{"line":20,"column":1}},"line":3},"1":{"name":"(anonymous_1)","decl":{"start":{"line":7,"column":15},"end":{"line":7,"column":16}},"loc":{"start":{"line":7,"column":31},"end":{"line":17,"column":3}},"line":7}},"branchMap":{"0":{"loc":{"start":{"line":3,"column":22},"end":{"line":3,"column":36}},"type":"default-arg","locations":[{"start":{"line":3,"column":28},"end":{"line":3,"column":36}}],"line":3},"1":{"loc":{"start":{"line":8,"column":4},"end":{"line":8,"column":43}},"type":"if","locations":[{"start":{"line":8,"column":4},"end":{"line":8,"column":43}},{"start":{"line":8,"column":4},"end":{"line":8,"column":43}}],"line":8}},"s":{"0":0,"1":0,"2":0,"3":0,"4":0,"5":0,"6":0},"f":{"0":0,"1":0},"b":{"0":[0],"1":[0,0]},"_coverageSchema":"332fd63041d2c1bcb487cc26dd0d5f7d97098a6c","hash":"234dfed215da709db32bbb20e64317270088e70c"}
,"/Users/kingstonfung/Desktop/JS Training/20180602 - First Class (No jQuery)/training1_es6/src/santizeCurrentData.js": {"path":"/Users/kingstonfung/Desktop/JS Training/20180602 - First Class (No jQuery)/training1_es6/src/santizeCurrentData.js","statementMap":{"0":{"start":{"line":1,"column":34},"end":{"line":11,"column":1}},"1":{"start":{"line":2,"column":2},"end":{"line":10,"column":3}},"2":{"start":{"line":13,"column":35},"end":{"line":23,"column":1}},"3":{"start":{"line":14,"column":30},"end":{"line":20,"column":3}},"4":{"start":{"line":15,"column":4},"end":{"line":19,"column":5}},"5":{"start":{"line":22,"column":2},"end":{"line":22,"column":66}},"6":{"start":{"line":22,"column":35},"end":{"line":22,"column":64}}},"fnMap":{"0":{"name":"(anonymous_0)","decl":{"start":{"line":1,"column":34},"end":{"line":1,"column":35}},"loc":{"start":{"line":2,"column":2},"end":{"line":10,"column":3}},"line":2},"1":{"name":"(anonymous_1)","decl":{"start":{"line":13,"column":35},"end":{"line":13,"column":36}},"loc":{"start":{"line":13,"column":43},"end":{"line":23,"column":1}},"line":13},"2":{"name":"(anonymous_2)","decl":{"start":{"line":14,"column":30},"end":{"line":14,"column":31}},"loc":{"start":{"line":15,"column":4},"end":{"line":19,"column":5}},"line":15},"3":{"name":"(anonymous_3)","decl":{"start":{"line":22,"column":23},"end":{"line":22,"column":24}},"loc":{"start":{"line":22,"column":35},"end":{"line":22,"column":64}},"line":22}},"branchMap":{},"s":{"0":1,"1":0,"2":1,"3":0,"4":0,"5":0,"6":0},"f":{"0":0,"1":0,"2":0,"3":0},"b":{},"_coverageSchema":"332fd63041d2c1bcb487cc26dd0d5f7d97098a6c","hash":"c81289159684295480540436573b853c8c4e2cbe"}
,"/Users/kingstonfung/Desktop/JS Training/20180602 - First Class (No jQuery)/training1_es6/src/weatherApp.js": {"path":"/Users/kingstonfung/Desktop/JS Training/20180602 - First Class (No jQuery)/training1_es6/src/weatherApp.js","statementMap":{"0":{"start":{"line":9,"column":21},"end":{"line":9,"column":23}},"1":{"start":{"line":11,"column":2},"end":{"line":49,"column":5}},"2":{"start":{"line":12,"column":34},"end":{"line":22,"column":5}},"3":{"start":{"line":13,"column":6},"end":{"line":21,"column":7}},"4":{"start":{"line":14,"column":28},"end":{"line":14,"column":44}},"5":{"start":{"line":15,"column":30},"end":{"line":15,"column":61}},"6":{"start":{"line":16,"column":8},"end":{"line":16,"column":53}},"7":{"start":{"line":18,"column":29},"end":{"line":18,"column":86}},"8":{"start":{"line":19,"column":8},"end":{"line":19,"column":47}},"9":{"start":{"line":20,"column":8},"end":{"line":20,"column":38}},"10":{"start":{"line":24,"column":35},"end":{"line":34,"column":5}},"11":{"start":{"line":25,"column":6},"end":{"line":33,"column":7}},"12":{"start":{"line":26,"column":29},"end":{"line":26,"column":45}},"13":{"start":{"line":27,"column":30},"end":{"line":27,"column":63}},"14":{"start":{"line":28,"column":8},"end":{"line":28,"column":54}},"15":{"start":{"line":30,"column":29},"end":{"line":30,"column":87}},"16":{"start":{"line":31,"column":8},"end":{"line":31,"column":47}},"17":{"start":{"line":32,"column":8},"end":{"line":32,"column":38}},"18":{"start":{"line":36,"column":4},"end":{"line":41,"column":7}},"19":{"start":{"line":37,"column":26},"end":{"line":37,"column":63}},"20":{"start":{"line":38,"column":6},"end":{"line":38,"column":81}},"21":{"start":{"line":39,"column":6},"end":{"line":39,"column":27}},"22":{"start":{"line":40,"column":6},"end":{"line":40,"column":28}},"23":{"start":{"line":44,"column":30},"end":{"line":46,"column":5}},"24":{"start":{"line":45,"column":6},"end":{"line":45,"column":81}},"25":{"start":{"line":48,"column":4},"end":{"line":48,"column":33}}},"fnMap":{"0":{"name":"(anonymous_0)","decl":{"start":{"line":8,"column":15},"end":{"line":8,"column":16}},"loc":{"start":{"line":8,"column":24},"end":{"line":50,"column":1}},"line":8},"1":{"name":"(anonymous_1)","decl":{"start":{"line":11,"column":43},"end":{"line":11,"column":44}},"loc":{"start":{"line":11,"column":49},"end":{"line":49,"column":3}},"line":11},"2":{"name":"(anonymous_2)","decl":{"start":{"line":12,"column":34},"end":{"line":12,"column":35}},"loc":{"start":{"line":12,"column":42},"end":{"line":22,"column":5}},"line":12},"3":{"name":"(anonymous_3)","decl":{"start":{"line":24,"column":35},"end":{"line":24,"column":36}},"loc":{"start":{"line":24,"column":43},"end":{"line":34,"column":5}},"line":24},"4":{"name":"(anonymous_4)","decl":{"start":{"line":36,"column":64},"end":{"line":36,"column":65}},"loc":{"start":{"line":36,"column":71},"end":{"line":41,"column":5}},"line":36},"5":{"name":"(anonymous_5)","decl":{"start":{"line":44,"column":30},"end":{"line":44,"column":31}},"loc":{"start":{"line":44,"column":47},"end":{"line":46,"column":5}},"line":44}},"branchMap":{},"s":{"0":1,"1":1,"2":0,"3":0,"4":0,"5":0,"6":0,"7":0,"8":0,"9":0,"10":0,"11":0,"12":0,"13":0,"14":0,"15":0,"16":0,"17":0,"18":0,"19":0,"20":0,"21":0,"22":0,"23":0,"24":0,"25":0},"f":{"0":1,"1":0,"2":0,"3":0,"4":0,"5":0},"b":{},"_coverageSchema":"332fd63041d2c1bcb487cc26dd0d5f7d97098a6c","hash":"6f4b7534c14ca56cd0e8ffded7ea490d25f534be"}
}
